{
  "RSpec": {
    "coverage": {
      "/Users/user1/Sites/Makers/week5/Xtreme_Prestige_Worldwide_BnB/spec/feature/booking_spec.rb": {
        "lines": [
          1,
          1,
          1,
          1,
          1,
          1,
          null,
          null
        ]
      },
      "/Users/user1/Sites/Makers/week5/Xtreme_Prestige_Worldwide_BnB/spec/feature/viewing_listings_spec.rb": {
        "lines": [
          1,
          1,
          1,
          1,
          1,
          null,
          1,
          1,
          1,
          1,
          null,
          null
        ]
      },
      "/Users/user1/Sites/Makers/week5/Xtreme_Prestige_Worldwide_BnB/spec/feature/welcome_page_spec.rb": {
        "lines": [
          1,
          1,
          1,
          1,
          null,
          null
        ]
      },
      "/Users/user1/Sites/Makers/week5/Xtreme_Prestige_Worldwide_BnB/spec/unit/booking_spec.rb": {
        "lines": [
          1,
          1,
          1,
          1,
          1,
          null,
          null,
          null,
          null,
          1,
          0,
          0,
          0,
          null,
          null,
          null
        ]
      },
      "/Users/user1/Sites/Makers/week5/Xtreme_Prestige_Worldwide_BnB/spec/unit/listing_spec.rb": {
        "lines": [
          1,
          null,
          1,
          null,
          1,
          1,
          1,
          null,
          null,
          null,
          1,
          null,
          null,
          1,
          1,
          null,
          null,
          null,
          null,
          null
        ]
      },
      "/Users/user1/Sites/Makers/week5/Xtreme_Prestige_Worldwide_BnB/spec/unit/users_spec.rb": {
        "lines": [
          1,
          null,
          1,
          1,
          1,
          1,
          1,
          1,
          1,
          null,
          null,
          1,
          1,
          1,
          1,
          1,
          null,
          1,
          0,
          0,
          0,
          null,
          null,
          null
        ]
      },
      "/Users/user1/Sites/Makers/week5/Xtreme_Prestige_Worldwide_BnB/lib/users.rb": {
        "lines": [
          1,
          null,
          1,
          1,
          null,
          1,
          6,
          6,
          6,
          6,
          null,
          null,
          1,
          2,
          2,
          null,
          0,
          null,
          null,
          2,
          null,
          null,
          null,
          2,
          null,
          null,
          null,
          null,
          1,
          3,
          3,
          null,
          0,
          null,
          null,
          3,
          3,
          3,
          null,
          null,
          null,
          1,
          0,
          0,
          null,
          0,
          null,
          null,
          null,
          0,
          null,
          0,
          null,
          null
        ]
      }
    },
    "timestamp": 1612279757
  }
}
